<?xml version="1.0" encoding="UTF-8"?>
<!-- Generated by org.testng.reporters.JUnitReportReporter -->
<testsuite hostname="LAPTOP-U2I3BKCQ" failures="1" tests="8" name="firstAssignment.AmazonTest" time="46.718" errors="0" timestamp="2021-02-10T11:08:05 IST" skipped="0">
  <testcase classname="firstAssignment.AmazonTest" name="homePageTest" time="6.450"/>
  <system-out/>
  <testcase classname="firstAssignment.AmazonTest" name="selectBrandTest" time="6.986"/>
  <system-out/>
  <testcase classname="firstAssignment.AmazonTest" name="setPriceTest" time="2.666"/>
  <system-out/>
  <testcase classname="firstAssignment.AmazonTest" name="selectMemoryTest" time="1.795"/>
  <system-out/>
  <testcase classname="firstAssignment.AmazonTest" name="selectScreenTest" time="20.128">
    <failure message="expected [try] but found [catch]" type="java.lang.AssertionError">
      <![CDATA[java.lang.AssertionError: expected [try] but found [catch]
at org.testng.Assert.fail(Assert.java:99)
at org.testng.Assert.failNotEquals(Assert.java:1037)
at org.testng.Assert.assertEqualsImpl(Assert.java:140)
at org.testng.Assert.assertEquals(Assert.java:122)
at org.testng.Assert.assertEquals(Assert.java:629)
at org.testng.Assert.assertEquals(Assert.java:639)
at com.qa.pages.FilterPage.SelectScreenSize(FilterPage.java:78)
at firstAssignment.AmazonTest.selectScreenTest(AmazonTest.java:46)
at java.base/jdk.internal.reflect.NativeMethodAccessorImpl.invoke0(Native Method)
at java.base/jdk.internal.reflect.NativeMethodAccessorImpl.invoke(NativeMethodAccessorImpl.java:62)
at java.base/jdk.internal.reflect.DelegatingMethodAccessorImpl.invoke(DelegatingMethodAccessorImpl.java:43)
at java.base/java.lang.reflect.Method.invoke(Method.java:567)
at org.testng.internal.MethodInvocationHelper.invokeMethod(MethodInvocationHelper.java:132)
at org.testng.internal.TestInvoker.invokeMethod(TestInvoker.java:599)
at org.testng.internal.TestInvoker.invokeTestMethod(TestInvoker.java:174)
at org.testng.internal.MethodRunner.runInSequence(MethodRunner.java:46)
at org.testng.internal.TestInvoker$MethodInvocationAgent.invoke(TestInvoker.java:822)
at org.testng.internal.TestInvoker.invokeTestMethods(TestInvoker.java:147)
at org.testng.internal.TestMethodWorker.invokeTestMethods(TestMethodWorker.java:146)
at org.testng.internal.TestMethodWorker.run(TestMethodWorker.java:128)
at java.base/java.util.ArrayList.forEach(ArrayList.java:1540)
at org.testng.TestRunner.privateRun(TestRunner.java:764)
at org.testng.TestRunner.run(TestRunner.java:585)
at org.testng.SuiteRunner.runTest(SuiteRunner.java:384)
at org.testng.SuiteRunner.runSequentially(SuiteRunner.java:378)
at org.testng.SuiteRunner.privateRun(SuiteRunner.java:337)
at org.testng.SuiteRunner.run(SuiteRunner.java:286)
at org.testng.SuiteRunnerWorker.runSuite(SuiteRunnerWorker.java:53)
at org.testng.SuiteRunnerWorker.run(SuiteRunnerWorker.java:96)
at org.testng.TestNG.runSuitesSequentially(TestNG.java:1218)
at org.testng.TestNG.runSuitesLocally(TestNG.java:1140)
at org.testng.TestNG.runSuites(TestNG.java:1069)
at org.testng.TestNG.run(TestNG.java:1037)
at org.testng.remote.AbstractRemoteTestNG.run(AbstractRemoteTestNG.java:115)
at org.testng.remote.RemoteTestNG.initAndRun(RemoteTestNG.java:251)
at org.testng.remote.RemoteTestNG.main(RemoteTestNG.java:77)
]]>
    </failure>
  </testcase> <!-- selectScreenTest -->
  <system-out/>
  <testcase classname="firstAssignment.AmazonTest" name="selectProductTest" time="0.192"/>
  <system-out/>
  <testcase classname="firstAssignment.AmazonTest" name="selectReviewTest" time="8.445"/>
  <system-out/>
  <testcase classname="firstAssignment.AmazonTest" name="getReviewTest" time="0.056"/>
  <system-out/>
</testsuite> <!-- firstAssignment.AmazonTest -->
